<?xml version="1.0" encoding="UTF-8"?>
<testng-results ignored="0" total="13" passed="13" failed="0" skipped="0">
  <reporter-output>
  </reporter-output>
  <suite started-at="2023-05-26T22:24:00 CEST" name="All Test Suite" finished-at="2023-05-26T22:24:11 CEST" duration-ms="11260">
    <groups>
    </groups>
    <test started-at="2023-05-26T22:24:00 CEST" name="/Users/uroskatanic/IdeaProjects/REST-Assured-Framework" finished-at="2023-05-26T22:24:11 CEST" duration-ms="11260">
      <class name="tests.fake_google_maps_api.create_place">
        <test-method signature="TestCase01()[pri:0, instance:tests.fake_google_maps_api.create_place@1e7ab390]" started-at="2023-05-26T22:24:07 CEST" name="TestCase01" finished-at="2023-05-26T22:24:07 CEST" duration-ms="347" status="PASS">
          <reporter-output>
          </reporter-output>
        </test-method> <!-- TestCase01 -->
        <test-method signature="TestCase02()[pri:0, instance:tests.fake_google_maps_api.create_place@1e7ab390]" started-at="2023-05-26T22:24:07 CEST" name="TestCase02" finished-at="2023-05-26T22:24:08 CEST" duration-ms="326" status="PASS">
          <reporter-output>
          </reporter-output>
        </test-method> <!-- TestCase02 -->
        <test-method signature="TestCase03()[pri:0, instance:tests.fake_google_maps_api.create_place@1e7ab390]" started-at="2023-05-26T22:24:08 CEST" name="TestCase03" finished-at="2023-05-26T22:24:08 CEST" duration-ms="313" status="PASS">
          <reporter-output>
          </reporter-output>
        </test-method> <!-- TestCase03 -->
      </class> <!-- tests.fake_google_maps_api.create_place -->
      <class name="tests.fake_google_maps_api.get_data_for_place">
        <test-method signature="TestCase01_Get_Data_for_Place()[pri:0, instance:tests.fake_google_maps_api.get_data_for_place@cb7fa71]" started-at="2023-05-26T22:24:00 CEST" name="TestCase01_Get_Data_for_Place" finished-at="2023-05-26T22:24:01 CEST" duration-ms="1255" status="PASS">
          <reporter-output>
          </reporter-output>
        </test-method> <!-- TestCase01_Get_Data_for_Place -->
        <test-method signature="TestCase02_Check_Name()[pri:0, instance:tests.fake_google_maps_api.get_data_for_place@cb7fa71]" started-at="2023-05-26T22:24:01 CEST" name="TestCase02_Check_Name" finished-at="2023-05-26T22:24:02 CEST" duration-ms="1005" status="PASS">
          <reporter-output>
          </reporter-output>
        </test-method> <!-- TestCase02_Check_Name -->
        <test-method signature="testCase03_PlaceID_New()[pri:0, instance:tests.fake_google_maps_api.get_data_for_place@cb7fa71]" started-at="2023-05-26T22:24:02 CEST" name="testCase03_PlaceID_New" finished-at="2023-05-26T22:24:03 CEST" duration-ms="944" status="PASS">
          <reporter-output>
          </reporter-output>
        </test-method> <!-- testCase03_PlaceID_New -->
        <test-method signature="testCase04_Check_address()[pri:0, instance:tests.fake_google_maps_api.get_data_for_place@cb7fa71]" started-at="2023-05-26T22:24:03 CEST" name="testCase04_Check_address" finished-at="2023-05-26T22:24:04 CEST" duration-ms="972" status="PASS">
          <reporter-output>
          </reporter-output>
        </test-method> <!-- testCase04_Check_address -->
        <test-method signature="testCase05_Check_types()[pri:0, instance:tests.fake_google_maps_api.get_data_for_place@cb7fa71]" started-at="2023-05-26T22:24:04 CEST" name="testCase05_Check_types" finished-at="2023-05-26T22:24:05 CEST" duration-ms="935" status="PASS">
          <reporter-output>
          </reporter-output>
        </test-method> <!-- testCase05_Check_types -->
        <test-method signature="testCase06_Check_language()[pri:0, instance:tests.fake_google_maps_api.get_data_for_place@cb7fa71]" started-at="2023-05-26T22:24:05 CEST" name="testCase06_Check_language" finished-at="2023-05-26T22:24:06 CEST" duration-ms="1125" status="PASS">
          <reporter-output>
          </reporter-output>
        </test-method> <!-- testCase06_Check_language -->
        <test-method signature="testCase07_Check_website()[pri:0, instance:tests.fake_google_maps_api.get_data_for_place@cb7fa71]" started-at="2023-05-26T22:24:06 CEST" name="testCase07_Check_website" finished-at="2023-05-26T22:24:07 CEST" duration-ms="1011" status="PASS">
          <reporter-output>
          </reporter-output>
        </test-method> <!-- testCase07_Check_website -->
        <test-method signature="testCase08_Ceheck_body()[pri:0, instance:tests.fake_google_maps_api.get_data_for_place@cb7fa71]" started-at="2023-05-26T22:24:07 CEST" name="testCase08_Ceheck_body" finished-at="2023-05-26T22:24:07 CEST" duration-ms="0" status="PASS">
          <reporter-output>
          </reporter-output>
        </test-method> <!-- testCase08_Ceheck_body -->
      </class> <!-- tests.fake_google_maps_api.get_data_for_place -->
      <class name="tests.fake_google_maps_api.delete_place">
        <test-method signature="testCase01DeleteJustCreatedPlace()[pri:0, instance:tests.fake_google_maps_api.delete_place@59dc36d4]" started-at="2023-05-26T22:24:08 CEST" name="testCase01DeleteJustCreatedPlace" finished-at="2023-05-26T22:24:09 CEST" duration-ms="1557" status="PASS">
          <reporter-output>
          </reporter-output>
        </test-method> <!-- testCase01DeleteJustCreatedPlace -->
        <test-method signature="testCase02DeleteNotExistingPlaceID()[pri:0, instance:tests.fake_google_maps_api.delete_place@59dc36d4]" started-at="2023-05-26T22:24:09 CEST" name="testCase02DeleteNotExistingPlaceID" finished-at="2023-05-26T22:24:11 CEST" duration-ms="1447" status="PASS">
          <reporter-output>
          </reporter-output>
        </test-method> <!-- testCase02DeleteNotExistingPlaceID -->
      </class> <!-- tests.fake_google_maps_api.delete_place -->
    </test> <!-- /Users/uroskatanic/IdeaProjects/REST-Assured-Framework -->
  </suite> <!-- All Test Suite -->
</testng-results>
