<?xml version="1.0" encoding="UTF-8"?>
<testsuite name="TestSuite" time="19.628" tests="31" errors="0" skipped="0" failures="0">
  <properties>
[...]
</properties>
  <testcase name="BookStore_AddBook_ID" classname="tests.test_for_books.add_book_store" time="0.555"/>
  <testcase name="BookStore_AddBook_Msg" classname="tests.test_for_books.add_book_store" time="0.609"/>
  <testcase name="BookStore_AddBook_Status" classname="tests.test_for_books.add_book_store" time="0.514"/>
  <testcase name="Existing_book" classname="tests.test_for_books.add_book_store" time="0.537"/>
  <testcase name="checkBookID" classname="tests.test_for_books.checkMultyBooks" time="0.582"/>
  <testcase name="checkBookID" classname="tests.test_for_books.checkMultyBooks" time="0.577"/>
  <testcase name="checkBookID" classname="tests.test_for_books.checkMultyBooks" time="0.579"/>
  <testcase name="checkBookID" classname="tests.test_for_books.checkMultyBooks" time="0.515"/>
  <testcase name="checkBookID" classname="tests.test_for_books.checkMultyBooks" time="0.646"/>
  <testcase name="checkBookID" classname="tests.test_for_books.checkMultyBooks" time="0.523"/>
  <testcase name="checkBookID" classname="tests.test_for_books.checkMultyBooks" time="0.511"/>
  <testcase name="incorrect_Books" classname="tests.test_for_books.checkMultyBooks" time="0.541"/>
  <testcase name="incorrect_Books" classname="tests.test_for_books.checkMultyBooks" time="0.607"/>
  <testcase name="incorrect_Books" classname="tests.test_for_books.checkMultyBooks" time="0.558"/>
  <testcase name="incorrect_Books" classname="tests.test_for_books.checkMultyBooks" time="0.577"/>
  <testcase name="TestCase01_Get_Data_for_Place" classname="tests.fake_google_maps_api.get_data_for_place" time="1.191"/>
  <testcase name="TestCase02_Check_Name" classname="tests.fake_google_maps_api.get_data_for_place" time="1.076"/>
  <testcase name="testCase03_PlaceID_New" classname="tests.fake_google_maps_api.get_data_for_place" time="1.154"/>
  <testcase name="testCase04_Check_address" classname="tests.fake_google_maps_api.get_data_for_place" time="1.07"/>
  <testcase name="testCase05_Check_types" classname="tests.fake_google_maps_api.get_data_for_place" time="1.146"/>
  <testcase name="testCase06_Check_language" classname="tests.fake_google_maps_api.get_data_for_place" time="1.188"/>
  <testcase name="testCase07_Check_website" classname="tests.fake_google_maps_api.get_data_for_place" time="1.212"/>
  <testcase name="testCase08_Ceheck_body" classname="tests.fake_google_maps_api.get_data_for_place" time="0"/>
  <testcase name="TestCase01" classname="tests.fake_google_maps_api.create_place" time="0.518"/>
  <testcase name="TestCase02" classname="tests.fake_google_maps_api.create_place" time="0.534"/>
  <testcase name="TestCase03" classname="tests.fake_google_maps_api.create_place" time="0.502"/>
  <testcase name="testCase01DeleteJustCreatedPlace" classname="tests.fake_google_maps_api.delete_place" time="1.646"/>
  <testcase name="testCase02DeleteNotExistingPlaceID" classname="tests.fake_google_maps_api.delete_place" time="1.552"/>
  <testcase name="TestCase03" classname="tests.fake_google_maps_api.update_place" time="1.669"/>
  <testcase name="get_data" classname="tests.fake_google_maps_api.get_data_for_place_POJO" time="1.33"/>
  <testcase name="testCase" classname="tests.Google_Maps_POJO.first_test" time="0.502"/>
</testsuite>