<?xml version="1.0" encoding="UTF-8"?>
<testsuite name="TestSuite" time="11.24" tests="13" errors="0" skipped="0" failures="0">
  <properties>
[...]
</properties>
  <testcase name="TestCase01_Get_Data_for_Place" classname="tests.fake_google_maps_api.get_data_for_place" time="1.256"/>
  <testcase name="TestCase02_Check_Name" classname="tests.fake_google_maps_api.get_data_for_place" time="1.004"/>
  <testcase name="testCase03_PlaceID_New" classname="tests.fake_google_maps_api.get_data_for_place" time="0.945"/>
  <testcase name="testCase04_Check_address" classname="tests.fake_google_maps_api.get_data_for_place" time="0.972"/>
  <testcase name="testCase05_Check_types" classname="tests.fake_google_maps_api.get_data_for_place" time="0.935"/>
  <testcase name="testCase06_Check_language" classname="tests.fake_google_maps_api.get_data_for_place" time="1.125"/>
  <testcase name="testCase07_Check_website" classname="tests.fake_google_maps_api.get_data_for_place" time="1.011"/>
  <testcase name="testCase08_Ceheck_body" classname="tests.fake_google_maps_api.get_data_for_place" time="0"/>
  <testcase name="TestCase01" classname="tests.fake_google_maps_api.create_place" time="0.348"/>
  <testcase name="TestCase02" classname="tests.fake_google_maps_api.create_place" time="0.326"/>
  <testcase name="TestCase03" classname="tests.fake_google_maps_api.create_place" time="0.313"/>
  <testcase name="testCase01DeleteJustCreatedPlace" classname="tests.fake_google_maps_api.delete_place" time="1.557"/>
  <testcase name="testCase02DeleteNotExistingPlaceID" classname="tests.fake_google_maps_api.delete_place" time="1.448"/>
</testsuite>