<?xml version="1.0" encoding="UTF-8"?>
<testsuite name="TestSuite" time="11.422" tests="26" errors="0" skipped="0" failures="0">
  <properties>
[...]
</properties>
  <testcase name="BookStore_AddBook" classname="tests.test_for_books.add_book_store" time="0.459"/>
  <testcase name="BookStore_Check_message" classname="tests.test_for_books.add_book_store" time="0.365"/>
  <testcase name="BookStore_happyPath" classname="tests.test_for_books.add_book_store" time="0.324"/>
  <testcase name="BookStore_takeValue" classname="tests.test_for_books.add_book_store" time="0.318"/>
  <testcase name="check_book_name" classname="tests.test_for_books.check_book_value" time="0.718"/>
  <testcase name="check_missing_book" classname="tests.test_for_books.check_book_value" time="0.354"/>
  <testcase name="checkBookID" classname="tests.test_for_books.checkMultyBooks" time="0.311"/>
  <testcase name="checkBookID" classname="tests.test_for_books.checkMultyBooks" time="0.313"/>
  <testcase name="checkBookID" classname="tests.test_for_books.checkMultyBooks" time="0.324"/>
  <testcase name="checkBookID" classname="tests.test_for_books.checkMultyBooks" time="0.321"/>
  <testcase name="checkBookID" classname="tests.test_for_books.checkMultyBooks" time="0.317"/>
  <testcase name="checkBookID" classname="tests.test_for_books.checkMultyBooks" time="0.335"/>
  <testcase name="checkBookID" classname="tests.test_for_books.checkMultyBooks" time="0.313"/>
  <testcase name="incorrect_Books" classname="tests.test_for_books.checkMultyBooks" time="0.305"/>
  <testcase name="incorrect_Books" classname="tests.test_for_books.checkMultyBooks" time="0.317"/>
  <testcase name="incorrect_Books" classname="tests.test_for_books.checkMultyBooks" time="0.374"/>
  <testcase name="incorrect_Books" classname="tests.test_for_books.checkMultyBooks" time="0.283"/>
  <testcase name="TestCase01_Get_Data_for_Place" classname="tests.fake_google_maps_api.get_data_for_place" time="0.828"/>
  <testcase name="TestCase02_With_Corect_PlaceID" classname="tests.fake_google_maps_api.get_data_for_place" time="1.566"/>
  <testcase name="testCase03_PlaceID_New" classname="tests.fake_google_maps_api.get_data_for_place" time="0.757"/>
  <testcase name="TestCase01" classname="tests.fake_google_maps_api.create_place" time="0.3"/>
  <testcase name="TestCase02" classname="tests.fake_google_maps_api.create_place" time="0.29"/>
  <testcase name="TestCase03" classname="tests.fake_google_maps_api.create_place" time="1.056"/>
  <testcase name="TestCase04" classname="tests.fake_google_maps_api.create_place" time="0.764"/>
  <testcase name="testCase01DeleteJustCreatedPlace" classname="tests.fake_google_maps_api.delete_place" time="1.415"/>
  <testcase name="testCase02DeleteNotExistingPlaceID" classname="tests.fake_google_maps_api.delete_place" time="1.292"/>
</testsuite>