<?xml version="1.0" encoding="UTF-8"?>
<testsuite name="TestSuite" time="12.187" tests="27" errors="0" skipped="0" failures="1">
  <properties>
[...]
</properties>
  <testcase name="BookStore_AddBook" classname="tests.test_for_books.add_book_store" time="0.495"/>
  <testcase name="BookStore_Check_message" classname="tests.test_for_books.add_book_store" time="0.395"/>
  <testcase name="BookStore_happyPath" classname="tests.test_for_books.add_book_store" time="0.364"/>
  <testcase name="BookStore_takeValue" classname="tests.test_for_books.add_book_store" time="0.348"/>
  <testcase name="check_book_name" classname="tests.test_for_books.check_book_value" time="0.762"/>
  <testcase name="check_missing_book" classname="tests.test_for_books.check_book_value" time="0.377"/>
  <testcase name="checkBookID" classname="tests.test_for_books.checkMultyBooks" time="0.353"/>
  <testcase name="checkBookID" classname="tests.test_for_books.checkMultyBooks" time="0.373"/>
  <testcase name="checkBookID" classname="tests.test_for_books.checkMultyBooks" time="0.354"/>
  <testcase name="checkBookID" classname="tests.test_for_books.checkMultyBooks" time="0.34"/>
  <testcase name="checkBookID" classname="tests.test_for_books.checkMultyBooks" time="0.384"/>
  <testcase name="checkBookID" classname="tests.test_for_books.checkMultyBooks" time="0.342"/>
  <testcase name="checkBookID" classname="tests.test_for_books.checkMultyBooks" time="0.368"/>
  <testcase name="incorrect_Books" classname="tests.test_for_books.checkMultyBooks" time="0.348"/>
  <testcase name="incorrect_Books" classname="tests.test_for_books.checkMultyBooks" time="0.369"/>
  <testcase name="incorrect_Books" classname="tests.test_for_books.checkMultyBooks" time="0.386"/>
  <testcase name="incorrect_Books" classname="tests.test_for_books.checkMultyBooks" time="0.413"/>
  <testcase name="TestCase01_Get_Data_for_Place" classname="tests.fake_google_maps_api.get_data_for_place" time="0.89"/>
  <testcase name="TestCase02_With_Corect_PlaceID" classname="tests.fake_google_maps_api.get_data_for_place" time="1.659"/>
  <testcase name="testCase03_PlaceID_New" classname="tests.fake_google_maps_api.get_data_for_place" time="0.903"/>
  <testcase name="TestCase01" classname="tests.fake_google_maps_api.create_place" time="0.338"/>
  <testcase name="TestCase02" classname="tests.fake_google_maps_api.create_place" time="0.368"/>
  <testcase name="TestCase03" classname="tests.fake_google_maps_api.create_place" time="1.128"/>
  <testcase name="TestCase04" classname="tests.fake_google_maps_api.create_place" time="0.784"/>
  <testcase name="TestCase05" classname="tests.fake_google_maps_api.create_place" time="0.008">
    <failure message="\Users\uroskatanic\AquaProjects\REST-Assured-Framework\src\test\java\files\test.json" type="java.nio.file.NoSuchFileException">java.nio.file.NoSuchFileException: \Users\uroskatanic\AquaProjects\REST-Assured-Framework\src\test\java\files\test.json
	at java.base/sun.nio.fs.WindowsException.translateToIOException(WindowsException.java:85)
	at java.base/sun.nio.fs.WindowsException.rethrowAsIOException(WindowsException.java:103)
	at java.base/sun.nio.fs.WindowsException.rethrowAsIOException(WindowsException.java:108)
	at java.base/sun.nio.fs.WindowsFileSystemProvider.newByteChannel(WindowsFileSystemProvider.java:236)
	at java.base/java.nio.file.Files.newByteChannel(Files.java:380)
	at java.base/java.nio.file.Files.newByteChannel(Files.java:432)
	at java.base/java.nio.file.Files.readAllBytes(Files.java:3288)
	at tests.fake_google_maps_api.create_place.TestCase05(create_place.java:90)
</failure>
  </testcase>
  <testcase name="testCase01DeleteJustCreatedPlace" classname="tests.fake_google_maps_api.delete_place" time="1.37"/>
  <testcase name="testCase02DeleteNotExistingPlaceID" classname="tests.fake_google_maps_api.delete_place" time="1.297"/>
</testsuite>