<?xml version="1.0" encoding="UTF-8"?>
<testsuite name="TestSuite" time="12.187" tests="27" errors="0" skipped="0" failures="1">
  <properties>
    <property name="java.runtime.name" value="Java(TM) SE Runtime Environment"/>
    <property name="java.vm.version" value="17.0.6+9-LTS-190"/>
    <property name="sun.boot.library.path" value="C:\Program Files\Java\jdk-17\bin"/>
    <property name="user.country.format" value="RS"/>
    <property name="maven.multiModuleProjectDirectory" value="C:\Users\urosb\IdeaProjects\REST-Assured-Framework"/>
    <property name="java.vm.vendor" value="Oracle Corporation"/>
    <property name="java.vendor.url" value="https://java.oracle.com/"/>
    <property name="guice.disable.misplaced.annotation.check" value="true"/>
    <property name="path.separator" value=";"/>
    <property name="java.vm.name" value="Java HotSpot(TM) 64-Bit Server VM"/>
    <property name="sun.os.patch.level" value=""/>
    <property name="user.script" value=""/>
    <property name="user.country" value="GB"/>
    <property name="sun.java.launcher" value="SUN_STANDARD"/>
    <property name="java.vm.specification.name" value="Java Virtual Machine Specification"/>
    <property name="user.dir" value="C:\Users\urosb\IdeaProjects\REST-Assured-Framework"/>
    <property name="java.vm.compressedOopsMode" value="Zero based"/>
    <property name="java.runtime.version" value="17.0.6+9-LTS-190"/>
    <property name="user.script.format" value="Latn"/>
    <property name="os.arch" value="amd64"/>
    <property name="java.io.tmpdir" value="C:\Users\urosb\AppData\Local\Temp\"/>
    <property name="line.separator" value="&#10;"/>
    <property name="java.vm.specification.vendor" value="Oracle Corporation"/>
    <property name="user.variant" value=""/>
    <property name="os.name" value="Windows 11"/>
    <property name="classworlds.conf" value="C:\Program Files\Maven\apache-maven-3.9.1\bin\m2.conf"/>
    <property name="sun.jnu.encoding" value="Cp1252"/>
    <property name="java.library.path" value="C:\Program Files\Java\jdk-17\bin;C:\Windows\Sun\Java\bin;C:\Windows\system32;C:\Windows;C:\Program Files\Common Files\Oracle\Java\javapath;C:\Windows\system32;C:\Windows;C:\Windows\System32\Wbem;C:\Windows\System32\WindowsPowerShell\v1.0\;C:\Windows\System32\OpenSSH\;C:\Program Files\dotnet\;C:\Program Files\Git\cmd;C:\Users\urosb\AppData\Local\Microsoft\WindowsApps;C:\Users\urosb\AppData\Local\Programs\Microsoft VS Code\bin;C:\Program Files\Maven\apache-maven-3.9.1\bin;;."/>
    <property name="maven.conf" value="C:\Program Files\Maven\apache-maven-3.9.1/conf"/>
    <property name="jdk.debug" value="release"/>
    <property name="java.class.version" value="61.0"/>
    <property name="java.specification.name" value="Java Platform API Specification"/>
    <property name="sun.management.compiler" value="HotSpot 64-Bit Tiered Compilers"/>
    <property name="os.version" value="10.0"/>
    <property name="library.jansi.path" value="C:\Program Files\Maven\apache-maven-3.9.1\lib\jansi-native"/>
    <property name="user.home" value="C:\Users\urosb"/>
    <property name="user.timezone" value="Europe/Budapest"/>
    <property name="file.encoding" value="Cp1252"/>
    <property name="java.specification.version" value="17"/>
    <property name="user.name" value="urosb"/>
    <property name="java.class.path" value="C:\Program Files\Maven\apache-maven-3.9.1\boot\plexus-classworlds-2.6.0.jar"/>
    <property name="java.vm.specification.version" value="17"/>
    <property name="sun.arch.data.model" value="64"/>
    <property name="sun.java.command" value="org.codehaus.plexus.classworlds.launcher.Launcher test"/>
    <property name="java.home" value="C:\Program Files\Java\jdk-17"/>
    <property name="user.language" value="en"/>
    <property name="java.specification.vendor" value="Oracle Corporation"/>
    <property name="user.language.format" value="sr"/>
    <property name="java.vm.info" value="mixed mode, sharing"/>
    <property name="java.version" value="17.0.6"/>
    <property name="native.encoding" value="Cp1252"/>
    <property name="java.vendor" value="Oracle Corporation"/>
    <property name="sun.stderr.encoding" value="cp850"/>
    <property name="maven.home" value="C:\Program Files\Maven\apache-maven-3.9.1"/>
    <property name="file.separator" value="\"/>
    <property name="java.version.date" value="2023-01-17"/>
    <property name="java.vendor.url.bug" value="https://bugreport.java.com/bugreport/"/>
    <property name="sun.io.unicode.encoding" value="UnicodeLittle"/>
    <property name="sun.cpu.endian" value="little"/>
    <property name="sun.stdout.encoding" value="cp850"/>
    <property name="sun.cpu.isalist" value="amd64"/>
  </properties>
  <testcase name="BookStore_AddBook" classname="tests.test_for_books.add_book_store" time="0.495"/>
  <testcase name="BookStore_Check_message" classname="tests.test_for_books.add_book_store" time="0.395"/>
  <testcase name="BookStore_happyPath" classname="tests.test_for_books.add_book_store" time="0.364"/>
  <testcase name="BookStore_takeValue" classname="tests.test_for_books.add_book_store" time="0.348"/>
  <testcase name="check_book_name" classname="tests.test_for_books.check_book_value" time="0.762"/>
  <testcase name="check_missing_book" classname="tests.test_for_books.check_book_value" time="0.377"/>
  <testcase name="checkBookID" classname="tests.test_for_books.checkMultyBooks" time="0.353"/>
  <testcase name="checkBookID" classname="tests.test_for_books.checkMultyBooks" time="0.373"/>
  <testcase name="checkBookID" classname="tests.test_for_books.checkMultyBooks" time="0.354"/>
  <testcase name="checkBookID" classname="tests.test_for_books.checkMultyBooks" time="0.34"/>
  <testcase name="checkBookID" classname="tests.test_for_books.checkMultyBooks" time="0.384"/>
  <testcase name="checkBookID" classname="tests.test_for_books.checkMultyBooks" time="0.342"/>
  <testcase name="checkBookID" classname="tests.test_for_books.checkMultyBooks" time="0.368"/>
  <testcase name="incorrect_Books" classname="tests.test_for_books.checkMultyBooks" time="0.348"/>
  <testcase name="incorrect_Books" classname="tests.test_for_books.checkMultyBooks" time="0.369"/>
  <testcase name="incorrect_Books" classname="tests.test_for_books.checkMultyBooks" time="0.386"/>
  <testcase name="incorrect_Books" classname="tests.test_for_books.checkMultyBooks" time="0.413"/>
  <testcase name="TestCase01_Get_Data_for_Place" classname="tests.fake_google_maps_api.get_data_for_place" time="0.89"/>
  <testcase name="TestCase02_With_Corect_PlaceID" classname="tests.fake_google_maps_api.get_data_for_place" time="1.659"/>
  <testcase name="testCase03_PlaceID_New" classname="tests.fake_google_maps_api.get_data_for_place" time="0.903"/>
  <testcase name="TestCase01" classname="tests.fake_google_maps_api.create_place" time="0.338"/>
  <testcase name="TestCase02" classname="tests.fake_google_maps_api.create_place" time="0.368"/>
  <testcase name="TestCase03" classname="tests.fake_google_maps_api.create_place" time="1.128"/>
  <testcase name="TestCase04" classname="tests.fake_google_maps_api.create_place" time="0.784"/>
  <testcase name="TestCase05" classname="tests.fake_google_maps_api.create_place" time="0.008">
    <failure message="\Users\uroskatanic\AquaProjects\REST-Assured-Framework\src\test\java\files\test.json" type="java.nio.file.NoSuchFileException">java.nio.file.NoSuchFileException: \Users\uroskatanic\AquaProjects\REST-Assured-Framework\src\test\java\files\test.json
	at java.base/sun.nio.fs.WindowsException.translateToIOException(WindowsException.java:85)
	at java.base/sun.nio.fs.WindowsException.rethrowAsIOException(WindowsException.java:103)
	at java.base/sun.nio.fs.WindowsException.rethrowAsIOException(WindowsException.java:108)
	at java.base/sun.nio.fs.WindowsFileSystemProvider.newByteChannel(WindowsFileSystemProvider.java:236)
	at java.base/java.nio.file.Files.newByteChannel(Files.java:380)
	at java.base/java.nio.file.Files.newByteChannel(Files.java:432)
	at java.base/java.nio.file.Files.readAllBytes(Files.java:3288)
	at tests.fake_google_maps_api.create_place.TestCase05(create_place.java:90)
</failure>
  </testcase>
  <testcase name="testCase01DeleteJustCreatedPlace" classname="tests.fake_google_maps_api.delete_place" time="1.37"/>
  <testcase name="testCase02DeleteNotExistingPlaceID" classname="tests.fake_google_maps_api.delete_place" time="1.297"/>
</testsuite>