<?xml version="1.0" encoding="UTF-8"?>
<testsuite name="TestSuite" time="17.341" tests="32" errors="0" skipped="0" failures="1">
  <properties>
[...]
</properties>
  <testcase name="BookStore_AddBook_ID" classname="tests.test_for_books.add_book_store" time="0.477"/>
  <testcase name="BookStore_AddBook_Msg" classname="tests.test_for_books.add_book_store" time="0.426"/>
  <testcase name="BookStore_AddBook_Status" classname="tests.test_for_books.add_book_store" time="0.446"/>
  <testcase name="Existing_book" classname="tests.test_for_books.add_book_store" time="0.433"/>
  <testcase name="check_book_name" classname="tests.test_for_books.check_book_value" time="0.872">
    <failure message="1 expectation failed.&#10;Expected status code &lt;200&gt; but was &lt;404&gt;.&#10;" type="java.lang.AssertionError"><![CDATA[java.lang.AssertionError: 1 expectation failed.
Expected status code <200> but was <404>.

	at java.base/jdk.internal.reflect.DirectConstructorHandleAccessor.newInstance(DirectConstructorHandleAccessor.java:67)
	at java.base/java.lang.reflect.Constructor.newInstanceWithCaller(Constructor.java:500)
	at java.base/java.lang.reflect.Constructor.newInstance(Constructor.java:484)
	at org.codehaus.groovy.reflection.CachedConstructor.invoke(CachedConstructor.java:73)
	at org.codehaus.groovy.runtime.callsite.ConstructorSite$ConstructorSiteNoUnwrapNoCoerce.callConstructor(ConstructorSite.java:108)
	at org.codehaus.groovy.runtime.callsite.CallSiteArray.defaultCallConstructor(CallSiteArray.java:57)
	at org.codehaus.groovy.runtime.callsite.AbstractCallSite.callConstructor(AbstractCallSite.java:263)
	at org.codehaus.groovy.runtime.callsite.AbstractCallSite.callConstructor(AbstractCallSite.java:277)
	at io.restassured.internal.ResponseSpecificationImpl$HamcrestAssertionClosure.validate(ResponseSpecificationImpl.groovy:512)
	at io.restassured.internal.ResponseSpecificationImpl$HamcrestAssertionClosure$validate$1.call(Unknown Source)
	at org.codehaus.groovy.runtime.callsite.CallSiteArray.defaultCall(CallSiteArray.java:45)
	at org.codehaus.groovy.runtime.callsite.AbstractCallSite.call(AbstractCallSite.java:125)
	at org.codehaus.groovy.runtime.callsite.AbstractCallSite.call(AbstractCallSite.java:139)
	at io.restassured.internal.ResponseSpecificationImpl.validateResponseIfRequired(ResponseSpecificationImpl.groovy:696)
	at io.restassured.internal.ResponseSpecificationImpl.this$2$validateResponseIfRequired(ResponseSpecificationImpl.groovy)
	at java.base/jdk.internal.reflect.DirectMethodHandleAccessor.invoke(DirectMethodHandleAccessor.java:104)
	at java.base/java.lang.reflect.Method.invoke(Method.java:578)
	at org.codehaus.groovy.runtime.callsite.PlainObjectMetaMethodSite.doInvoke(PlainObjectMetaMethodSite.java:43)
	at org.codehaus.groovy.runtime.callsite.PogoMetaMethodSite$PogoCachedMethodSiteNoUnwrapNoCoerce.invoke(PogoMetaMethodSite.java:198)
	at org.codehaus.groovy.runtime.callsite.PogoMetaMethodSite.callCurrent(PogoMetaMethodSite.java:62)
	at org.codehaus.groovy.runtime.callsite.CallSiteArray.defaultCallCurrent(CallSiteArray.java:49)
	at org.codehaus.groovy.runtime.callsite.AbstractCallSite.callCurrent(AbstractCallSite.java:171)
	at org.codehaus.groovy.runtime.callsite.AbstractCallSite.callCurrent(AbstractCallSite.java:185)
	at io.restassured.internal.ResponseSpecificationImpl.statusCode(ResponseSpecificationImpl.groovy:135)
	at io.restassured.specification.ResponseSpecification$statusCode$0.callCurrent(Unknown Source)
	at org.codehaus.groovy.runtime.callsite.CallSiteArray.defaultCallCurrent(CallSiteArray.java:49)
	at org.codehaus.groovy.runtime.callsite.AbstractCallSite.callCurrent(AbstractCallSite.java:171)
	at org.codehaus.groovy.runtime.callsite.AbstractCallSite.callCurrent(AbstractCallSite.java:185)
	at io.restassured.internal.ResponseSpecificationImpl.statusCode(ResponseSpecificationImpl.groovy:143)
	at io.restassured.internal.ValidatableResponseOptionsImpl.statusCode(ValidatableResponseOptionsImpl.java:89)
	at tests.test_for_books.check_book_value.check_book_name(check_book_value.java:49)
]]></failure>
    <system-out><![CDATA[Request method:	POST
Request URI:	http://216.10.245.166/Library/Addbook.php
Proxy:			<none>
Request params:	<none>
Query params:	<none>
Form params:	<none>
Path params:	<none>
Headers:		Accept=*/*
				Content-Type=application/json
Cookies:		<none>
Multiparts:		<none>
Body:
{
    "name": "Uros-Test- Appium Automation with Edwardjava.util.Random@661d6bb6",
    "isbn": "",
    "aisle": "117",
    "author": "John foe"
}
HTTP/1.1 404 Not Found
Date: Mon, 10 Apr 2023 21:25:20 GMT
Server: Apache
Access-Control-Allow-Origin: *
Access-Control-Allow-Methods: POST
Access-Control-Max-Age: 3600
Access-Control-Allow-Headers: Content-Type, Access-Control-Allow-Headers, Authorization, X-Requested-With
Keep-Alive: timeout=5, max=100
Connection: Keep-Alive
Transfer-Encoding: chunked
Content-Type: application/json;charset=UTF-8

{
    "msg": "Add Book operation failed, looks like the book already exists"
}
Request method:	GET
Request URI:	http://216.10.245.166/Library/GetBook.php?ID=null
Proxy:			<none>
Request params:	<none>
Query params:	<none>
Form params:	<none>
Path params:	<none>
Headers:		Accept=*/*
				Content-Type=application/json
Cookies:		<none>
Multiparts:		<none>
Body:			<none>
HTTP/1.1 404 Not Found
Date: Mon, 10 Apr 2023 21:25:21 GMT
Server: Apache
Access-Control-Allow-Origin: *
Access-Control-Allow-Methods: POST
Access-Control-Max-Age: 3600
Access-Control-Allow-Headers: Content-Type, Access-Control-Allow-Headers, Authorization, X-Requested-With
Keep-Alive: timeout=5, max=100
Connection: Keep-Alive
Transfer-Encoding: chunked
Content-Type: application/json;charset=UTF-8

{
    "msg": "The book by requested bookid / author name does not exists!"
}
]]></system-out>
  </testcase>
  <testcase name="check_missing_book" classname="tests.test_for_books.check_book_value" time="0.436"/>
  <testcase name="checkBookID" classname="tests.test_for_books.checkMultyBooks" time="0.47"/>
  <testcase name="checkBookID" classname="tests.test_for_books.checkMultyBooks" time="0.424"/>
  <testcase name="checkBookID" classname="tests.test_for_books.checkMultyBooks" time="0.426"/>
  <testcase name="checkBookID" classname="tests.test_for_books.checkMultyBooks" time="0.415"/>
  <testcase name="checkBookID" classname="tests.test_for_books.checkMultyBooks" time="0.41"/>
  <testcase name="checkBookID" classname="tests.test_for_books.checkMultyBooks" time="0.419"/>
  <testcase name="checkBookID" classname="tests.test_for_books.checkMultyBooks" time="0.402"/>
  <testcase name="incorrect_Books" classname="tests.test_for_books.checkMultyBooks" time="0.417"/>
  <testcase name="incorrect_Books" classname="tests.test_for_books.checkMultyBooks" time="0.401"/>
  <testcase name="incorrect_Books" classname="tests.test_for_books.checkMultyBooks" time="0.416"/>
  <testcase name="incorrect_Books" classname="tests.test_for_books.checkMultyBooks" time="0.412"/>
  <testcase name="TestCase01_Get_Data_for_Place" classname="tests.fake_google_maps_api.get_data_for_place" time="1.181"/>
  <testcase name="TestCase02_Check_Name" classname="tests.fake_google_maps_api.get_data_for_place" time="0.927"/>
  <testcase name="testCase03_PlaceID_New" classname="tests.fake_google_maps_api.get_data_for_place" time="0.982"/>
  <testcase name="testCase04_Check_address" classname="tests.fake_google_maps_api.get_data_for_place" time="1.033"/>
  <testcase name="testCase05_Check_types" classname="tests.fake_google_maps_api.get_data_for_place" time="0.917"/>
  <testcase name="testCase06_Check_language" classname="tests.fake_google_maps_api.get_data_for_place" time="0.924"/>
  <testcase name="testCase07_Check_website" classname="tests.fake_google_maps_api.get_data_for_place" time="0.934"/>
  <testcase name="testCase08_Ceheck_body" classname="tests.fake_google_maps_api.get_data_for_place" time="0"/>
  <testcase name="TestCase01" classname="tests.fake_google_maps_api.create_place" time="0.402"/>
  <testcase name="TestCase02" classname="tests.fake_google_maps_api.create_place" time="0.41"/>
  <testcase name="TestCase03" classname="tests.fake_google_maps_api.create_place" time="0.399"/>
  <testcase name="testCase01DeleteJustCreatedPlace" classname="tests.fake_google_maps_api.delete_place" time="1.557"/>
  <testcase name="testCase02DeleteNotExistingPlaceID" classname="tests.fake_google_maps_api.delete_place" time="1.382"/>
  <testcase name="TestCase03" classname="tests.fake_google_maps_api.update_place" time="1.292"/>
  <testcase name="get_data" classname="tests.fake_google_maps_api.get_data_for_place_POJO" time="1.024"/>
</testsuite>