<?xml version="1.0" encoding="UTF-8"?>
<!-- Generated by org.testng.reporters.JUnitXMLReporter -->
<testsuite ignored="0" hostname="Uros" failures="1" tests="27" name="/Users/uroskatanic/IdeaProjects/REST-Assured-Framework" time="14.572" errors="0" timestamp="2023-03-27T22:19:42 CEST">
  <testcase classname="tests.test_for_books.add_book_store" name="BookStore_AddBook" time="0.452"/>
  <testcase classname="tests.test_for_books.add_book_store" name="BookStore_Check_message" time="0.357"/>
  <testcase classname="tests.test_for_books.add_book_store" name="BookStore_happyPath" time="0.33"/>
  <testcase classname="tests.test_for_books.add_book_store" name="BookStore_takeValue" time="0.33"/>
  <testcase classname="tests.test_for_books.check_book_value" name="check_book_name" time="0.709"/>
  <testcase classname="tests.test_for_books.check_book_value" name="check_missing_book" time="0.331"/>
  <testcase classname="tests.test_for_books.checkMultyBooks" name="checkBookID" time="0.324"/>
  <testcase classname="tests.test_for_books.checkMultyBooks" name="checkBookID" time="0.333"/>
  <testcase classname="tests.test_for_books.checkMultyBooks" name="checkBookID" time="0.328"/>
  <testcase classname="tests.test_for_books.checkMultyBooks" name="checkBookID" time="0.309"/>
  <testcase classname="tests.test_for_books.checkMultyBooks" name="checkBookID" time="0.32"/>
  <testcase classname="tests.test_for_books.checkMultyBooks" name="checkBookID" time="0.339"/>
  <testcase classname="tests.test_for_books.checkMultyBooks" name="checkBookID" time="0.32"/>
  <testcase classname="tests.test_for_books.checkMultyBooks" name="incorrect_Books" time="0.313"/>
  <testcase classname="tests.test_for_books.checkMultyBooks" name="incorrect_Books" time="0.322"/>
  <testcase classname="tests.test_for_books.checkMultyBooks" name="incorrect_Books" time="0.351"/>
  <testcase classname="tests.test_for_books.checkMultyBooks" name="incorrect_Books" time="0.335"/>
  <testcase classname="tests.fake_google_maps_api.get_data_for_place" name="TestCase01_Get_Data_for_Place" time="1.155"/>
  <testcase classname="tests.fake_google_maps_api.get_data_for_place" name="TestCase02_With_Corect_PlaceID" time="1.532"/>
  <testcase classname="tests.fake_google_maps_api.get_data_for_place" name="testCase03_PlaceID_New" time="0.776"/>
  <testcase classname="tests.fake_google_maps_api.create_place" name="TestCase01" time="0.303"/>
  <testcase classname="tests.fake_google_maps_api.create_place" name="TestCase02" time="0.317"/>
  <testcase classname="tests.fake_google_maps_api.create_place" name="TestCase03" time="1.048"/>
  <testcase classname="tests.fake_google_maps_api.create_place" name="TestCase04" time="0.758"/>
  <testcase classname="tests.fake_google_maps_api.create_place" name="TestCase05" time="0.001">
    <failure type="java.nio.file.NoSuchFileException" message="\Users\uroskatanic\AquaProjects\REST-Assured-Framework\src\test\java\files\test.json">
      <![CDATA[java.nio.file.NoSuchFileException: \Users\uroskatanic\AquaProjects\REST-Assured-Framework\src\test\java\files\test.json
at java.base/sun.nio.fs.WindowsException.translateToIOException(WindowsException.java:85)
at java.base/sun.nio.fs.WindowsException.rethrowAsIOException(WindowsException.java:103)
at java.base/sun.nio.fs.WindowsException.rethrowAsIOException(WindowsException.java:108)
at java.base/sun.nio.fs.WindowsFileSystemProvider.newByteChannel(WindowsFileSystemProvider.java:236)
at java.base/java.nio.file.Files.newByteChannel(Files.java:380)
at java.base/java.nio.file.Files.newByteChannel(Files.java:432)
at java.base/java.nio.file.Files.readAllBytes(Files.java:3288)
at tests.fake_google_maps_api.create_place.TestCase05(create_place.java:90)
at java.base/jdk.internal.reflect.NativeMethodAccessorImpl.invoke0(Native Method)
at java.base/jdk.internal.reflect.NativeMethodAccessorImpl.invoke(NativeMethodAccessorImpl.java:77)
at java.base/jdk.internal.reflect.DelegatingMethodAccessorImpl.invoke(DelegatingMethodAccessorImpl.java:43)
at java.base/java.lang.reflect.Method.invoke(Method.java:568)
at org.testng.internal.invokers.MethodInvocationHelper.invokeMethod(MethodInvocationHelper.java:139)
at org.testng.internal.invokers.TestInvoker.invokeMethod(TestInvoker.java:677)
at org.testng.internal.invokers.TestInvoker.invokeTestMethod(TestInvoker.java:221)
at org.testng.internal.invokers.MethodRunner.runInSequence(MethodRunner.java:50)
at org.testng.internal.invokers.TestInvoker$MethodInvocationAgent.invoke(TestInvoker.java:969)
at org.testng.internal.invokers.TestInvoker.invokeTestMethods(TestInvoker.java:194)
at org.testng.internal.invokers.TestMethodWorker.invokeTestMethods(TestMethodWorker.java:148)
at org.testng.internal.invokers.TestMethodWorker.run(TestMethodWorker.java:128)
at java.base/java.util.ArrayList.forEach(ArrayList.java:1511)
at org.testng.TestRunner.privateRun(TestRunner.java:829)
at org.testng.TestRunner.run(TestRunner.java:602)
at org.testng.SuiteRunner.runTest(SuiteRunner.java:437)
at org.testng.SuiteRunner.runSequentially(SuiteRunner.java:431)
at org.testng.SuiteRunner.privateRun(SuiteRunner.java:391)
at org.testng.SuiteRunner.run(SuiteRunner.java:330)
at org.testng.SuiteRunnerWorker.runSuite(SuiteRunnerWorker.java:52)
at org.testng.SuiteRunnerWorker.run(SuiteRunnerWorker.java:95)
at org.testng.TestNG.runSuitesSequentially(TestNG.java:1256)
at org.testng.TestNG.runSuitesLocally(TestNG.java:1176)
at org.testng.TestNG.runSuites(TestNG.java:1099)
at org.testng.TestNG.run(TestNG.java:1067)
at org.apache.maven.surefire.testng.TestNGExecutor.run(TestNGExecutor.java:295)
at org.apache.maven.surefire.testng.TestNGXmlTestSuite.execute(TestNGXmlTestSuite.java:84)
at org.apache.maven.surefire.testng.TestNGProvider.invoke(TestNGProvider.java:90)
at org.apache.maven.surefire.booter.ForkedBooter.invokeProviderInSameClassLoader(ForkedBooter.java:203)
at org.apache.maven.surefire.booter.ForkedBooter.runSuitesInProcess(ForkedBooter.java:155)
at org.apache.maven.surefire.booter.ForkedBooter.main(ForkedBooter.java:103)
]]>
    </failure>
  </testcase> <!-- TestCase05 -->
  <testcase classname="tests.fake_google_maps_api.delete_place" name="testCase01DeleteJustCreatedPlace" time="1.319"/>
  <testcase classname="tests.fake_google_maps_api.delete_place" name="testCase02DeleteNotExistingPlaceID" time="1.193"/>
</testsuite> <!-- /Users/uroskatanic/IdeaProjects/REST-Assured-Framework -->
