<?xml version="1.0" encoding="UTF-8"?>
<!-- Generated by org.testng.reporters.JUnitXMLReporter -->
<testsuite ignored="0" hostname="192.168.1.15" failures="1" tests="32" name="/Users/uroskatanic/IdeaProjects/REST-Assured-Framework" time="21.094" errors="0" timestamp="2023-04-10T23:25:39 CEST">
  <testcase classname="tests.test_for_books.add_book_store" name="BookStore_AddBook_ID" time="0.476"/>
  <testcase classname="tests.test_for_books.add_book_store" name="BookStore_AddBook_Msg" time="0.425"/>
  <testcase classname="tests.test_for_books.add_book_store" name="BookStore_AddBook_Status" time="0.44"/>
  <testcase classname="tests.test_for_books.add_book_store" name="Existing_book" time="0.436"/>
  <testcase classname="tests.test_for_books.check_book_value" name="check_book_name" time="0.869">
    <failure type="java.lang.AssertionError" message="1 expectation failed.
Expected status code &amp;lt;200&amp;gt; but was &amp;lt;404&amp;gt;.
">
      <![CDATA[java.lang.AssertionError: 1 expectation failed.
Expected status code <200> but was <404>.

at java.base/jdk.internal.reflect.DirectConstructorHandleAccessor.newInstance(DirectConstructorHandleAccessor.java:67)
at java.base/java.lang.reflect.Constructor.newInstanceWithCaller(Constructor.java:500)
at java.base/java.lang.reflect.Constructor.newInstance(Constructor.java:484)
at org.codehaus.groovy.reflection.CachedConstructor.invoke(CachedConstructor.java:73)
at org.codehaus.groovy.runtime.callsite.ConstructorSite$ConstructorSiteNoUnwrapNoCoerce.callConstructor(ConstructorSite.java:108)
at org.codehaus.groovy.runtime.callsite.CallSiteArray.defaultCallConstructor(CallSiteArray.java:57)
at org.codehaus.groovy.runtime.callsite.AbstractCallSite.callConstructor(AbstractCallSite.java:263)
at org.codehaus.groovy.runtime.callsite.AbstractCallSite.callConstructor(AbstractCallSite.java:277)
at io.restassured.internal.ResponseSpecificationImpl$HamcrestAssertionClosure.validate(ResponseSpecificationImpl.groovy:512)
at io.restassured.internal.ResponseSpecificationImpl$HamcrestAssertionClosure$validate$1.call(Unknown Source)
at org.codehaus.groovy.runtime.callsite.CallSiteArray.defaultCall(CallSiteArray.java:45)
at org.codehaus.groovy.runtime.callsite.AbstractCallSite.call(AbstractCallSite.java:125)
at org.codehaus.groovy.runtime.callsite.AbstractCallSite.call(AbstractCallSite.java:139)
at io.restassured.internal.ResponseSpecificationImpl.validateResponseIfRequired(ResponseSpecificationImpl.groovy:696)
at io.restassured.internal.ResponseSpecificationImpl.this$2$validateResponseIfRequired(ResponseSpecificationImpl.groovy)
at java.base/jdk.internal.reflect.DirectMethodHandleAccessor.invoke(DirectMethodHandleAccessor.java:104)
at java.base/java.lang.reflect.Method.invoke(Method.java:578)
at org.codehaus.groovy.runtime.callsite.PlainObjectMetaMethodSite.doInvoke(PlainObjectMetaMethodSite.java:43)
at org.codehaus.groovy.runtime.callsite.PogoMetaMethodSite$PogoCachedMethodSiteNoUnwrapNoCoerce.invoke(PogoMetaMethodSite.java:198)
at org.codehaus.groovy.runtime.callsite.PogoMetaMethodSite.callCurrent(PogoMetaMethodSite.java:62)
at org.codehaus.groovy.runtime.callsite.CallSiteArray.defaultCallCurrent(CallSiteArray.java:49)
at org.codehaus.groovy.runtime.callsite.AbstractCallSite.callCurrent(AbstractCallSite.java:171)
at org.codehaus.groovy.runtime.callsite.AbstractCallSite.callCurrent(AbstractCallSite.java:185)
at io.restassured.internal.ResponseSpecificationImpl.statusCode(ResponseSpecificationImpl.groovy:135)
at io.restassured.specification.ResponseSpecification$statusCode$0.callCurrent(Unknown Source)
at org.codehaus.groovy.runtime.callsite.CallSiteArray.defaultCallCurrent(CallSiteArray.java:49)
at org.codehaus.groovy.runtime.callsite.AbstractCallSite.callCurrent(AbstractCallSite.java:171)
at org.codehaus.groovy.runtime.callsite.AbstractCallSite.callCurrent(AbstractCallSite.java:185)
at io.restassured.internal.ResponseSpecificationImpl.statusCode(ResponseSpecificationImpl.groovy:143)
at io.restassured.internal.ValidatableResponseOptionsImpl.statusCode(ValidatableResponseOptionsImpl.java:89)
at tests.test_for_books.check_book_value.check_book_name(check_book_value.java:49)
at java.base/jdk.internal.reflect.DirectMethodHandleAccessor.invoke(DirectMethodHandleAccessor.java:104)
at java.base/java.lang.reflect.Method.invoke(Method.java:578)
at org.testng.internal.invokers.MethodInvocationHelper.invokeMethod(MethodInvocationHelper.java:139)
at org.testng.internal.invokers.TestInvoker.invokeMethod(TestInvoker.java:677)
at org.testng.internal.invokers.TestInvoker.invokeTestMethod(TestInvoker.java:221)
at org.testng.internal.invokers.MethodRunner.runInSequence(MethodRunner.java:50)
at org.testng.internal.invokers.TestInvoker$MethodInvocationAgent.invoke(TestInvoker.java:969)
at org.testng.internal.invokers.TestInvoker.invokeTestMethods(TestInvoker.java:194)
at org.testng.internal.invokers.TestMethodWorker.invokeTestMethods(TestMethodWorker.java:148)
at org.testng.internal.invokers.TestMethodWorker.run(TestMethodWorker.java:128)
at java.base/java.util.ArrayList.forEach(ArrayList.java:1511)
at org.testng.TestRunner.privateRun(TestRunner.java:829)
at org.testng.TestRunner.run(TestRunner.java:602)
at org.testng.SuiteRunner.runTest(SuiteRunner.java:437)
at org.testng.SuiteRunner.runSequentially(SuiteRunner.java:431)
at org.testng.SuiteRunner.privateRun(SuiteRunner.java:391)
at org.testng.SuiteRunner.run(SuiteRunner.java:330)
at org.testng.SuiteRunnerWorker.runSuite(SuiteRunnerWorker.java:52)
at org.testng.SuiteRunnerWorker.run(SuiteRunnerWorker.java:95)
at org.testng.TestNG.runSuitesSequentially(TestNG.java:1256)
at org.testng.TestNG.runSuitesLocally(TestNG.java:1176)
at org.testng.TestNG.runSuites(TestNG.java:1099)
at org.testng.TestNG.run(TestNG.java:1067)
at org.apache.maven.surefire.testng.TestNGExecutor.run(TestNGExecutor.java:295)
at org.apache.maven.surefire.testng.TestNGXmlTestSuite.execute(TestNGXmlTestSuite.java:84)
at org.apache.maven.surefire.testng.TestNGProvider.invoke(TestNGProvider.java:90)
at org.apache.maven.surefire.booter.ForkedBooter.invokeProviderInSameClassLoader(ForkedBooter.java:203)
at org.apache.maven.surefire.booter.ForkedBooter.runSuitesInProcess(ForkedBooter.java:155)
at org.apache.maven.surefire.booter.ForkedBooter.main(ForkedBooter.java:103)
]]>
    </failure>
  </testcase> <!-- check_book_name -->
  <testcase classname="tests.test_for_books.check_book_value" name="check_missing_book" time="0.435"/>
  <testcase classname="tests.test_for_books.checkMultyBooks" name="checkBookID" time="0.469"/>
  <testcase classname="tests.test_for_books.checkMultyBooks" name="checkBookID" time="0.422"/>
  <testcase classname="tests.test_for_books.checkMultyBooks" name="checkBookID" time="0.425"/>
  <testcase classname="tests.test_for_books.checkMultyBooks" name="checkBookID" time="0.415"/>
  <testcase classname="tests.test_for_books.checkMultyBooks" name="checkBookID" time="0.409"/>
  <testcase classname="tests.test_for_books.checkMultyBooks" name="checkBookID" time="0.419"/>
  <testcase classname="tests.test_for_books.checkMultyBooks" name="checkBookID" time="0.402"/>
  <testcase classname="tests.test_for_books.checkMultyBooks" name="incorrect_Books" time="0.418"/>
  <testcase classname="tests.test_for_books.checkMultyBooks" name="incorrect_Books" time="0.4"/>
  <testcase classname="tests.test_for_books.checkMultyBooks" name="incorrect_Books" time="0.408"/>
  <testcase classname="tests.test_for_books.checkMultyBooks" name="incorrect_Books" time="0.409"/>
  <testcase classname="tests.fake_google_maps_api.get_data_for_place" name="TestCase01_Get_Data_for_Place" time="1.182"/>
  <testcase classname="tests.fake_google_maps_api.get_data_for_place" name="TestCase02_Check_Name" time="0.927"/>
  <testcase classname="tests.fake_google_maps_api.get_data_for_place" name="testCase03_PlaceID_New" time="0.981"/>
  <testcase classname="tests.fake_google_maps_api.get_data_for_place" name="testCase04_Check_address" time="1.032"/>
  <testcase classname="tests.fake_google_maps_api.get_data_for_place" name="testCase05_Check_types" time="0.917"/>
  <testcase classname="tests.fake_google_maps_api.get_data_for_place" name="testCase06_Check_language" time="0.923"/>
  <testcase classname="tests.fake_google_maps_api.get_data_for_place" name="testCase07_Check_website" time="0.923"/>
  <testcase classname="tests.fake_google_maps_api.get_data_for_place" name="testCase08_Ceheck_body" time="0.0"/>
  <testcase classname="tests.fake_google_maps_api.create_place" name="TestCase01" time="0.411"/>
  <testcase classname="tests.fake_google_maps_api.create_place" name="TestCase02" time="0.409"/>
  <testcase classname="tests.fake_google_maps_api.create_place" name="TestCase03" time="0.386"/>
  <testcase classname="tests.fake_google_maps_api.delete_place" name="testCase01DeleteJustCreatedPlace" time="1.567"/>
  <testcase classname="tests.fake_google_maps_api.delete_place" name="testCase02DeleteNotExistingPlaceID" time="1.382"/>
  <testcase classname="tests.fake_google_maps_api.update_place" name="TestCase03" time="1.288"/>
  <testcase classname="tests.fake_google_maps_api.get_data_for_place_POJO" name="get_data" time="1.027"/>
</testsuite> <!-- /Users/uroskatanic/IdeaProjects/REST-Assured-Framework -->
